#
# There is insufficient memory for the Java Runtime Environment to continue.
# Native memory allocation (malloc) failed to allocate 489344 bytes for Chunk::new
# Possible reasons:
#   The system is out of physical RAM or swap space
#   The process is running with CompressedOops enabled, and the Java Heap may be blocking the growth of the native heap
# Possible solutions:
#   Reduce memory load on the system
#   Increase physical memory or swap space
#   Check if swap backing store is full
#   Decrease Java heap size (-Xmx/-Xms)
#   Decrease number of Java threads
#   Decrease Java thread stack sizes (-Xss)
#   Set larger code cache with -XX:ReservedCodeCacheSize=
#   JVM is running with Unscaled Compressed Oops mode in which the Java heap is
#     placed in the first 4GB address space. The Java Heap base address is the
#     maximum limit for the native heap growth. Please use -XX:HeapBaseMinAddress
#     to set the Java Heap base and to place the Java Heap above 4GB virtual address.
# This output file may be truncated or incomplete.
#
#  Out of Memory Error (allocation.cpp:389), pid=14356, tid=0x0000000000004d50
#
# JRE version: OpenJDK Runtime Environment (8.0_242-b01) (build 1.8.0_242-release-1644-b01)
# Java VM: OpenJDK 64-Bit Server VM (25.242-b01 mixed mode windows-amd64 compressed oops)
# Failed to write core dump. Minidumps are not enabled by default on client versions of Windows
#

---------------  T H R E A D  ---------------

Current thread (0x00000000167d5800):  JavaThread "C2 CompilerThread1" daemon [_thread_in_native, id=19792, stack(0x0000000017890000,0x0000000017990000)]

Stack: [0x0000000017890000,0x0000000017990000]
[error occurred during error reporting (printing stack bounds), id 0xc0000005]

Native frames: (J=compiled Java code, j=interpreted, Vv=VM code, C=native code)


Current CompileTask:
C2:  47000 4711   !   4       com.sun.beans.TypeResolver::resolve (274 bytes)


---------------  P R O C E S S  ---------------

Java Threads: ( => current thread )
  0x00000000184d0000 JavaThread "Cache worker for Build Output Cleanup Cache (C:\Users\tylnswamy\OneDrive\Desktop\qwe\youtube-livestream-android-app\.gradle\buildOutputCleanup)" [_thread_blocked, id=17344, stack(0x0000000021550000,0x0000000021650000)]
  0x00000000184cf000 JavaThread "Build operations Thread 8" [_thread_blocked, id=17780, stack(0x000000001ff70000,0x0000000020070000)]
  0x00000000184c7800 JavaThread "Build operations Thread 7" [_thread_blocked, id=2940, stack(0x000000001fe70000,0x000000001ff70000)]
  0x00000000184cc000 JavaThread "Build operations Thread 6" [_thread_blocked, id=12944, stack(0x000000001fd70000,0x000000001fe70000)]
  0x00000000184cb000 JavaThread "Build operations Thread 5" [_thread_blocked, id=16960, stack(0x000000001fc70000,0x000000001fd70000)]
  0x00000000184ca800 JavaThread "Build operations Thread 4" [_thread_blocked, id=19724, stack(0x000000001fb70000,0x000000001fc70000)]
  0x00000000184cc800 JavaThread "Build operations Thread 3" [_thread_blocked, id=18708, stack(0x000000001fa70000,0x000000001fb70000)]
  0x00000000184ce800 JavaThread "Build operations Thread 2" [_thread_blocked, id=21180, stack(0x000000001f970000,0x000000001fa70000)]
  0x00000000184c9000 JavaThread "Build operations" [_thread_blocked, id=19932, stack(0x000000001f870000,0x000000001f970000)]
  0x00000000184c8000 JavaThread "Cache worker for execution history cache (C:\Users\tylnswamy\.gradle\caches\6.1.1\executionHistory)" [_thread_blocked, id=13484, stack(0x000000001e970000,0x000000001ea70000)]
  0x00000000184c5000 JavaThread "Cache worker for cache directory md-rule (C:\Users\tylnswamy\.gradle\caches\6.1.1\md-rule)" [_thread_blocked, id=12356, stack(0x000000001e870000,0x000000001e970000)]
  0x0000000019a11000 JavaThread "Cache worker for cache directory md-supplier (C:\Users\tylnswamy\.gradle\caches\6.1.1\md-supplier)" [_thread_blocked, id=6408, stack(0x000000001e770000,0x000000001e870000)]
  0x0000000019a0f800 JavaThread "Cache worker for file hash cache (C:\Users\tylnswamy\OneDrive\Desktop\qwe\youtube-livestream-android-app\.gradle\6.1.1\fileHashes)" [_thread_blocked, id=13512, stack(0x000000001d040000,0x000000001d140000)]
  0x0000000019a11800 JavaThread "Cache worker for checksums cache (C:\Users\tylnswamy\OneDrive\Desktop\qwe\youtube-livestream-android-app\.gradle\checksums)" [_thread_blocked, id=16544, stack(0x000000001cf40000,0x000000001d040000)]
  0x0000000019a12800 JavaThread "Cache worker for file hash cache (C:\Users\tylnswamy\.gradle\caches\6.1.1\fileHashes)" [_thread_blocked, id=8852, stack(0x000000001be70000,0x000000001bf70000)]
  0x0000000019a10000 JavaThread "File lock request listener" [_thread_in_native, id=17828, stack(0x000000001bd70000,0x000000001be70000)]
  0x0000000019b71800 JavaThread "Cache worker for journal cache (C:\Users\tylnswamy\.gradle\caches\journal-1)" [_thread_blocked, id=5440, stack(0x000000001bc70000,0x000000001bd70000)]
  0x0000000019b80800 JavaThread "Thread-9" [_thread_blocked, id=19284, stack(0x000000001b970000,0x000000001ba70000)]
  0x0000000019b75800 JavaThread "Stdin handler" [_thread_blocked, id=15824, stack(0x000000001b870000,0x000000001b970000)]
  0x0000000019b75000 JavaThread "Asynchronous log dispatcher for DefaultDaemonConnection: socket connection from /127.0.0.1:59043 to /127.0.0.1:59044" [_thread_blocked, id=7900, stack(0x000000001b770000,0x000000001b870000)]
  0x0000000019b70800 JavaThread "Daemon worker" [_thread_in_native, id=2912, stack(0x000000001b570000,0x000000001b670000)]
  0x0000000019b6f800 JavaThread "Cancel handler" [_thread_blocked, id=5332, stack(0x000000001b370000,0x000000001b470000)]
  0x0000000019b03800 JavaThread "Handler for socket connection from /127.0.0.1:59043 to /127.0.0.1:59044" [_thread_in_native, id=16084, stack(0x000000001b070000,0x000000001b170000)]
  0x0000000019afc800 JavaThread "Daemon" [_thread_blocked, id=16260, stack(0x000000001af70000,0x000000001b070000)]
  0x0000000019a9a800 JavaThread "Daemon periodic checks" [_thread_blocked, id=17528, stack(0x000000001ae70000,0x000000001af70000)]
  0x0000000019a92000 JavaThread "Incoming local TCP Connector on port 59043" [_thread_in_native, id=20608, stack(0x000000001ac30000,0x000000001ad30000)]
  0x00000000199c5000 JavaThread "Daemon health stats" [_thread_blocked, id=9148, stack(0x000000001a5f0000,0x000000001a6f0000)]
  0x000000001686d800 JavaThread "Service Thread" daemon [_thread_blocked, id=7912, stack(0x0000000017b90000,0x0000000017c90000)]
  0x00000000167e0000 JavaThread "C1 CompilerThread3" daemon [_thread_blocked, id=4400, stack(0x0000000017a90000,0x0000000017b90000)]
  0x00000000167da000 JavaThread "C2 CompilerThread2" daemon [_thread_blocked, id=20304, stack(0x0000000017990000,0x0000000017a90000)]
=>0x00000000167d5800 JavaThread "C2 CompilerThread1" daemon [_thread_in_native, id=19792, stack(0x0000000017890000,0x0000000017990000)]
  0x00000000167d2800 JavaThread "C2 CompilerThread0" daemon [_thread_blocked, id=6548, stack(0x0000000017790000,0x0000000017890000)]
  0x00000000167d1000 JavaThread "Attach Listener" daemon [_thread_blocked, id=1304, stack(0x0000000017690000,0x0000000017790000)]
  0x00000000167d0000 JavaThread "Signal Dispatcher" daemon [_thread_blocked, id=13336, stack(0x0000000017590000,0x0000000017690000)]
  0x00000000167c1000 JavaThread "Finalizer" daemon [_thread_blocked, id=18380, stack(0x0000000016ca0000,0x0000000016da0000)]
  0x0000000003157000 JavaThread "Reference Handler" daemon [_thread_blocked, id=12552, stack(0x0000000016ba0000,0x0000000016ca0000)]
  0x0000000002eee000 JavaThread "main" [_thread_blocked, id=1624, stack(0x0000000002f60000,0x0000000003060000)]

Other Threads:
  0x00000000149c6800 VMThread [stack: 0x00000000166a0000,0x00000000167a0000] [id=21288]
  0x000000001686e800 WatcherThread [stack: 0x0000000017d50000,0x0000000017e50000] [id=2416]

VM state:not at safepoint (normal execution)

VM Mutex/Monitor currently owned by a thread: None

heap address: 0x00000000e0000000, size: 512 MB, Compressed Oops mode: 32-bit
Narrow klass base: 0x0000000000000000, Narrow klass shift: 3
Compressed class space size: 1073741824 Address: 0x0000000100000000

Heap:
 PSYoungGen      total 120832K, used 32065K [0x00000000f5580000, 0x00000000ff000000, 0x0000000100000000)
  eden space 108544K, 18% used [0x00000000f5580000,0x00000000f68d1628,0x00000000fbf80000)
  from space 12288K, 99% used [0x00000000fbf80000,0x00000000fcb7f0d8,0x00000000fcb80000)
  to   space 15872K, 0% used [0x00000000fe080000,0x00000000fe080000,0x00000000ff000000)
 ParOldGen       total 191488K, used 23044K [0x00000000e0000000, 0x00000000ebb00000, 0x00000000f5580000)
  object space 191488K, 12% used [0x00000000e0000000,0x00000000e1681200,0x00000000ebb00000)
 Metaspace       used 50590K, capacity 52536K, committed 52608K, reserved 1095680K
  class space    used 6782K, capacity 7254K, committed 7296K, reserved 1048576K

Card table byte_map: [0x0000000012520000,0x0000000012630000] byte_map_base: 0x0000000011e20000

Marking Bits: (ParMarkBitMap*) 0x000000006275f030
 Begin Bits: [0x0000000012ee0000, 0x00000000136e0000)
 End Bits:   [0x00000000136e0000, 0x0000000013ee0000)

Polling page: 0x0000000002910000

CodeCache: size=245760Kb used=14706Kb max_used=14718Kb free=231053Kb
 bounds [0x0000000003160000, 0x0000000003fd0000, 0x0000000012160000]
 total_blobs=4986 nmethods=4219 adapters=679
 compilation: enabled

Compilation events (10 events):
Event: 46.586 Thread 0x00000000167da000 nmethod 4715 0x0000000003fb9710 code [0x0000000003fb9880, 0x0000000003fb99f8]
Event: 46.590 Thread 0x00000000167d2800 nmethod 4712 0x0000000003fcb050 code [0x0000000003fcb200, 0x0000000003fcbe58]
Event: 46.717 Thread 0x00000000167e0000 4720       3       org.codehaus.groovy.reflection.ClassInfo::getWeakMetaClass (21 bytes)
Event: 46.718 Thread 0x00000000167e0000 nmethod 4720 0x0000000003fba910 code [0x0000000003fbaaa0, 0x0000000003fbaf08]
Event: 46.718 Thread 0x00000000167e0000 4721       3       org.codehaus.groovy.reflection.ClassInfo::isValidWeakMetaClass (30 bytes)
Event: 46.718 Thread 0x00000000167e0000 nmethod 4721 0x0000000003fba310 code [0x0000000003fba480, 0x0000000003fba870]
Event: 46.718 Thread 0x00000000167d2800 4722       4       java.util.HashMap$KeyIterator::next (8 bytes)
Event: 46.718 Thread 0x00000000167e0000 4723       1       org.gradle.internal.metaobject.BeanDynamicObject::access$500 (5 bytes)
Event: 46.718 Thread 0x00000000167e0000 nmethod 4723 0x0000000003fb9410 code [0x0000000003fb9560, 0x0000000003fb9650]
Event: 46.720 Thread 0x00000000167d2800 nmethod 4722 0x0000000003fb9e50 code [0x0000000003fb9fa0, 0x0000000003fba198]

GC Heap History (10 events):
Event: 14.059 GC heap before
{Heap before GC invocations=7 (full 1):
 PSYoungGen      total 76288K, used 73583K [0x00000000f5580000, 0x00000000fc380000, 0x0000000100000000)
  eden space 65536K, 100% used [0x00000000f5580000,0x00000000f9580000,0x00000000f9580000)
  from space 10752K, 74% used [0x00000000f9580000,0x00000000f9d5bfb8,0x00000000fa000000)
  to   space 12800K, 0% used [0x00000000fb700000,0x00000000fb700000,0x00000000fc380000)
 ParOldGen       total 175104K, used 7712K [0x00000000e0000000, 0x00000000eab00000, 0x00000000f5580000)
  object space 175104K, 4% used [0x00000000e0000000,0x00000000e07882e8,0x00000000eab00000)
 Metaspace       used 32193K, capacity 33132K, committed 33408K, reserved 1077248K
  class space    used 4357K, capacity 4626K, committed 4736K, reserved 1048576K
Event: 14.069 GC heap after
Heap after GC invocations=7 (full 1):
 PSYoungGen      total 93696K, used 8798K [0x00000000f5580000, 0x00000000fc000000, 0x0000000100000000)
  eden space 84480K, 0% used [0x00000000f5580000,0x00000000f5580000,0x00000000fa800000)
  from space 9216K, 95% used [0x00000000fb700000,0x00000000fbf97a60,0x00000000fc000000)
  to   space 12288K, 0% used [0x00000000fa800000,0x00000000fa800000,0x00000000fb400000)
 ParOldGen       total 175104K, used 7720K [0x00000000e0000000, 0x00000000eab00000, 0x00000000f5580000)
  object space 175104K, 4% used [0x00000000e0000000,0x00000000e078a2e8,0x00000000eab00000)
 Metaspace       used 32193K, capacity 33132K, committed 33408K, reserved 1077248K
  class space    used 4357K, capacity 4626K, committed 4736K, reserved 1048576K
}
Event: 15.510 GC heap before
{Heap before GC invocations=8 (full 1):
 PSYoungGen      total 93696K, used 50817K [0x00000000f5580000, 0x00000000fc000000, 0x0000000100000000)
  eden space 84480K, 49% used [0x00000000f5580000,0x00000000f7e88a40,0x00000000fa800000)
  from space 9216K, 95% used [0x00000000fb700000,0x00000000fbf97a60,0x00000000fc000000)
  to   space 12288K, 0% used [0x00000000fa800000,0x00000000fa800000,0x00000000fb400000)
 ParOldGen       total 175104K, used 7720K [0x00000000e0000000, 0x00000000eab00000, 0x00000000f5580000)
  object space 175104K, 4% used [0x00000000e0000000,0x00000000e078a2e8,0x00000000eab00000)
 Metaspace       used 34406K, capacity 35410K, committed 35456K, reserved 1079296K
  class space    used 4680K, capacity 4974K, committed 4992K, reserved 1048576K
Event: 15.517 GC heap after
Heap after GC invocations=8 (full 1):
 PSYoungGen      total 96768K, used 10019K [0x00000000f5580000, 0x00000000fd780000, 0x0000000100000000)
  eden space 84480K, 0% used [0x00000000f5580000,0x00000000f5580000,0x00000000fa800000)
  from space 12288K, 81% used [0x00000000fa800000,0x00000000fb1c8ed0,0x00000000fb400000)
  to   space 12288K, 0% used [0x00000000fcb80000,0x00000000fcb80000,0x00000000fd780000)
 ParOldGen       total 175104K, used 7728K [0x00000000e0000000, 0x00000000eab00000, 0x00000000f5580000)
  object space 175104K, 4% used [0x00000000e0000000,0x00000000e078c2e8,0x00000000eab00000)
 Metaspace       used 34406K, capacity 35410K, committed 35456K, reserved 1079296K
  class space    used 4680K, capacity 4974K, committed 4992K, reserved 1048576K
}
Event: 15.517 GC heap before
{Heap before GC invocations=9 (full 2):
 PSYoungGen      total 96768K, used 10019K [0x00000000f5580000, 0x00000000fd780000, 0x0000000100000000)
  eden space 84480K, 0% used [0x00000000f5580000,0x00000000f5580000,0x00000000fa800000)
  from space 12288K, 81% used [0x00000000fa800000,0x00000000fb1c8ed0,0x00000000fb400000)
  to   space 12288K, 0% used [0x00000000fcb80000,0x00000000fcb80000,0x00000000fd780000)
 ParOldGen       total 175104K, used 7728K [0x00000000e0000000, 0x00000000eab00000, 0x00000000f5580000)
  object space 175104K, 4% used [0x00000000e0000000,0x00000000e078c2e8,0x00000000eab00000)
 Metaspace       used 34406K, capacity 35410K, committed 35456K, reserved 1079296K
  class space    used 4680K, capacity 4974K, committed 4992K, reserved 1048576K
Event: 15.553 GC heap after
Heap after GC invocations=9 (full 2):
 PSYoungGen      total 96768K, used 0K [0x00000000f5580000, 0x00000000fd780000, 0x0000000100000000)
  eden space 84480K, 0% used [0x00000000f5580000,0x00000000f5580000,0x00000000fa800000)
  from space 12288K, 0% used [0x00000000fa800000,0x00000000fa800000,0x00000000fb400000)
  to   space 12288K, 0% used [0x00000000fcb80000,0x00000000fcb80000,0x00000000fd780000)
 ParOldGen       total 191488K, used 17127K [0x00000000e0000000, 0x00000000ebb00000, 0x00000000f5580000)
  object space 191488K, 8% used [0x00000000e0000000,0x00000000e10b9ee8,0x00000000ebb00000)
 Metaspace       used 34406K, capacity 35410K, committed 35456K, reserved 1079296K
  class space    used 4680K, capacity 4974K, committed 4992K, reserved 1048576K
}
Event: 22.373 GC heap before
{Heap before GC invocations=10 (full 2):
 PSYoungGen      total 96768K, used 84480K [0x00000000f5580000, 0x00000000fd780000, 0x0000000100000000)
  eden space 84480K, 100% used [0x00000000f5580000,0x00000000fa800000,0x00000000fa800000)
  from space 12288K, 0% used [0x00000000fa800000,0x00000000fa800000,0x00000000fb400000)
  to   space 12288K, 0% used [0x00000000fcb80000,0x00000000fcb80000,0x00000000fd780000)
 ParOldGen       total 191488K, used 17127K [0x00000000e0000000, 0x00000000ebb00000, 0x00000000f5580000)
  object space 191488K, 8% used [0x00000000e0000000,0x00000000e10b9ee8,0x00000000ebb00000)
 Metaspace       used 37739K, capacity 39340K, committed 39424K, reserved 1083392K
  class space    used 5205K, capacity 5602K, committed 5632K, reserved 1048576K
Event: 22.379 GC heap after
Heap after GC invocations=10 (full 2):
 PSYoungGen      total 120832K, used 6965K [0x00000000f5580000, 0x00000000fdb00000, 0x0000000100000000)
  eden space 108544K, 0% used [0x00000000f5580000,0x00000000f5580000,0x00000000fbf80000)
  from space 12288K, 56% used [0x00000000fcb80000,0x00000000fd24d660,0x00000000fd780000)
  to   space 12288K, 0% used [0x00000000fbf80000,0x00000000fbf80000,0x00000000fcb80000)
 ParOldGen       total 191488K, used 17135K [0x00000000e0000000, 0x00000000ebb00000, 0x00000000f5580000)
  object space 191488K, 8% used [0x00000000e0000000,0x00000000e10bbee8,0x00000000ebb00000)
 Metaspace       used 37739K, capacity 39340K, committed 39424K, reserved 1083392K
  class space    used 5205K, capacity 5602K, committed 5632K, reserved 1048576K
}
Event: 45.784 GC heap before
{Heap before GC invocations=11 (full 2):
 PSYoungGen      total 120832K, used 115509K [0x00000000f5580000, 0x00000000fdb00000, 0x0000000100000000)
  eden space 108544K, 100% used [0x00000000f5580000,0x00000000fbf80000,0x00000000fbf80000)
  from space 12288K, 56% used [0x00000000fcb80000,0x00000000fd24d660,0x00000000fd780000)
  to   space 12288K, 0% used [0x00000000fbf80000,0x00000000fbf80000,0x00000000fcb80000)
 ParOldGen       total 191488K, used 17135K [0x00000000e0000000, 0x00000000ebb00000, 0x00000000f5580000)
  object space 191488K, 8% used [0x00000000e0000000,0x00000000e10bbee8,0x00000000ebb00000)
 Metaspace       used 49970K, capacity 51842K, committed 51968K, reserved 1093632K
  class space    used 6679K, capacity 7134K, committed 7168K, reserved 1048576K
Event: 45.796 GC heap after
Heap after GC invocations=11 (full 2):
 PSYoungGen      total 120832K, used 12284K [0x00000000f5580000, 0x00000000ff000000, 0x0000000100000000)
  eden space 108544K, 0% used [0x00000000f5580000,0x00000000f5580000,0x00000000fbf80000)
  from space 12288K, 99% used [0x00000000fbf80000,0x00000000fcb7f0d8,0x00000000fcb80000)
  to   space 15872K, 0% used [0x00000000fe080000,0x00000000fe080000,0x00000000ff000000)
 ParOldGen       total 191488K, used 23044K [0x00000000e0000000, 0x00000000ebb00000, 0x00000000f5580000)
  object space 191488K, 12% used [0x00000000e0000000,0x00000000e1681200,0x00000000ebb00000)
 Metaspace       used 49970K, capacity 51842K, committed 51968K, reserved 1093632K
  class space    used 6679K, capacity 7134K, committed 7168K, reserved 1048576K
}

Deoptimization events (10 events):
Event: 35.165 Thread 0x0000000019b70800 Uncommon trap: reason=unstable_if action=reinterpret pc=0x00000000033089e8 method=java.security.CodeSource.matchCerts(Ljava/security/CodeSource;Z)Z @ 11
Event: 44.102 Thread 0x0000000019b70800 Uncommon trap: reason=unstable_if action=reinterpret pc=0x0000000003dc11f0 method=org.gradle.internal.reflect.PropertyAccessorType.of(Ljava/lang/reflect/Method;)Lorg/gradle/internal/reflect/PropertyAccessorType; @ 56
Event: 46.114 Thread 0x0000000019b70800 Uncommon trap: reason=unstable_if action=reinterpret pc=0x0000000003495ef0 method=org.gradle.internal.instantiation.generator.AbstractClassGenerator$InjectionAnnotationValidator.validateMethod(Ljava/lang/reflect/Method;Lorg/gradle/internal/reflect/Propert
Event: 46.114 Thread 0x0000000019b70800 Uncommon trap: reason=unstable_if action=reinterpret pc=0x0000000003e2c978 method=org.gradle.internal.instantiation.generator.AbstractClassGenerator$InjectionAnnotationValidator.validateMethod(Ljava/lang/reflect/Method;Lorg/gradle/internal/reflect/Propert
Event: 46.313 Thread 0x0000000019b70800 Uncommon trap: reason=bimorphic action=maybe_recompile pc=0x0000000003b54a44 method=org.codehaus.groovy.runtime.metaclass.MetaMethodIndex.addMethodToList(Ljava/lang/Object;Lgroovy/lang/MetaMethod;)Ljava/lang/Object; @ 102
Event: 46.313 Thread 0x0000000019b70800 Uncommon trap: reason=bimorphic action=maybe_recompile pc=0x0000000003b54a44 method=org.codehaus.groovy.runtime.metaclass.MetaMethodIndex.addMethodToList(Ljava/lang/Object;Lgroovy/lang/MetaMethod;)Ljava/lang/Object; @ 102
Event: 46.313 Thread 0x0000000019b70800 Uncommon trap: reason=bimorphic action=maybe_recompile pc=0x0000000003b6cd08 method=org.codehaus.groovy.runtime.metaclass.MetaMethodIndex.addMethodToList(Ljava/lang/Object;Lgroovy/lang/MetaMethod;)Ljava/lang/Object; @ 102
Event: 46.313 Thread 0x0000000019b70800 Uncommon trap: reason=bimorphic action=maybe_recompile pc=0x0000000003b6cd08 method=org.codehaus.groovy.runtime.metaclass.MetaMethodIndex.addMethodToList(Ljava/lang/Object;Lgroovy/lang/MetaMethod;)Ljava/lang/Object; @ 102
Event: 46.313 Thread 0x0000000019b70800 Uncommon trap: reason=unstable_if action=reinterpret pc=0x0000000003b94730 method=groovy.lang.MetaClassImpl$1MOPIter.methodNameAction(Ljava/lang/Class;Lorg/codehaus/groovy/runtime/metaclass/MetaMethodIndex$Entry;)V @ 182
Event: 46.317 Thread 0x0000000019b70800 Uncommon trap: reason=bimorphic action=maybe_recompile pc=0x0000000003e51a9c method=groovy.lang.MetaClassImpl.filterPropertyMethod(Ljava/lang/Object;ZZ)Ljava/lang/Object; @ 165

Classes redefined (0 events):
No events

Internal exceptions (10 events):
Event: 46.572 Thread 0x0000000019b70800 Exception <a 'java/lang/ClassNotFoundException': com/android/build/gradle/TestedExtensionBeanInfo> (0x00000000f638b540) thrown at [C:\src\AOSP-openjdk-git\hotspot\src\share\vm\classfile\systemDictionary.cpp, line 210]
Event: 46.572 Thread 0x0000000019b70800 Exception <a 'java/lang/ClassNotFoundException': com/android/build/gradle/BaseExtensionBeanInfo> (0x00000000f63a2650) thrown at [C:\src\AOSP-openjdk-git\hotspot\src\share\vm\classfile\systemDictionary.cpp, line 210]
Event: 46.573 Thread 0x0000000019b70800 Exception <a 'java/lang/ClassNotFoundException': com/android/build/gradle/BaseExtensionCustomizer> (0x00000000f63ba288) thrown at [C:\src\AOSP-openjdk-git\hotspot\src\share\vm\classfile\systemDictionary.cpp, line 210]
Event: 46.574 Thread 0x0000000019b70800 Exception <a 'java/lang/ClassNotFoundException': com/android/build/gradle/TestedExtensionCustomizer> (0x00000000f644c8e0) thrown at [C:\src\AOSP-openjdk-git\hotspot\src\share\vm\classfile\systemDictionary.cpp, line 210]
Event: 46.574 Thread 0x0000000019b70800 Exception <a 'java/lang/ClassNotFoundException': com/android/build/gradle/AbstractAppExtensionCustomizer> (0x00000000f6482bc0) thrown at [C:\src\AOSP-openjdk-git\hotspot\src\share\vm\classfile\systemDictionary.cpp, line 210]
Event: 46.575 Thread 0x0000000019b70800 Exception <a 'java/lang/ClassNotFoundException': com/android/build/gradle/AppExtensionCustomizer> (0x00000000f64b2e98) thrown at [C:\src\AOSP-openjdk-git\hotspot\src\share\vm\classfile\systemDictionary.cpp, line 210]
Event: 46.575 Thread 0x0000000019b70800 Exception <a 'java/lang/ClassNotFoundException': com/android/build/gradle/internal/dsl/BaseAppModuleExtensionCustomizer> (0x00000000f64e6de8) thrown at [C:\src\AOSP-openjdk-git\hotspot\src\share\vm\classfile\systemDictionary.cpp, line 210]
Event: 46.576 Thread 0x0000000019b70800 Exception <a 'java/lang/ClassNotFoundException': com/android/build/gradle/internal/dsl/BaseAppModuleExtension_DecoratedCustomizer> (0x00000000f659e600) thrown at [C:\src\AOSP-openjdk-git\hotspot\src\share\vm\classfile\systemDictionary.cpp, line 210]
Event: 46.582 Thread 0x0000000019b70800 Exception <a 'java/lang/ClassNotFoundException': org/gradle/api/internal/DefaultDomainObjectSet_DecoratedBeanInfo> (0x00000000f67fccd8) thrown at [C:\src\AOSP-openjdk-git\hotspot\src\share\vm\classfile\systemDictionary.cpp, line 210]
Event: 46.582 Thread 0x0000000019b70800 Exception <a 'java/lang/ClassNotFoundException': org/gradle/api/internal/DefaultDomainObjectSet_DecoratedCustomizer> (0x00000000f683e200) thrown at [C:\src\AOSP-openjdk-git\hotspot\src\share\vm\classfile\systemDictionary.cpp, line 210]

Events (10 events):
Event: 46.582 loading class org/gradle/api/internal/DefaultDomainObjectSet_DecoratedCustomizer
Event: 46.582 loading class org/gradle/api/internal/DefaultDomainObjectSet_DecoratedCustomizer done
Event: 46.582 loading class org/gradle/api/internal/DefaultDomainObjectSet_DecoratedCustomizer
Event: 46.582 loading class org/gradle/api/internal/DefaultDomainObjectSet_DecoratedCustomizer done
Event: 46.582 loading class org/gradle/api/internal/DefaultDomainObjectSet_DecoratedCustomizer
Event: 46.582 loading class org/gradle/api/internal/DefaultDomainObjectSet_DecoratedCustomizer done
Event: 46.582 loading class org/gradle/api/internal/DefaultDomainObjectSet_DecoratedCustomizer
Event: 46.582 loading class org/gradle/api/internal/DefaultDomainObjectSet_DecoratedCustomizer done
Event: 46.717 loading class groovy/runtime/metaclass/build_4wdtx6xquh1htvr10hibm3vz6$_run_closure1MetaClass
Event: 46.717 loading class groovy/runtime/metaclass/build_4wdtx6xquh1htvr10hibm3vz6$_run_closure1MetaClass done


Dynamic libraries:
0x00007ff6121d0000 - 0x00007ff612201000 	C:\Program Files\Android\Android Studio\jre\bin\java.exe
0x00007ffb7b720000 - 0x00007ffb7b910000 	C:\WINDOWS\SYSTEM32\ntdll.dll
0x00007ffb7a410000 - 0x00007ffb7a4c2000 	C:\WINDOWS\System32\KERNEL32.DLL
0x00007ffb79520000 - 0x00007ffb797c3000 	C:\WINDOWS\System32\KERNELBASE.dll
0x00007ffb7b110000 - 0x00007ffb7b1b3000 	C:\WINDOWS\System32\ADVAPI32.dll
0x00007ffb7a360000 - 0x00007ffb7a3fe000 	C:\WINDOWS\System32\msvcrt.dll
0x00007ffb7b490000 - 0x00007ffb7b527000 	C:\WINDOWS\System32\sechost.dll
0x00007ffb7b370000 - 0x00007ffb7b490000 	C:\WINDOWS\System32\RPCRT4.dll
0x00007ffb7b1d0000 - 0x00007ffb7b364000 	C:\WINDOWS\System32\USER32.dll
0x00007ffb78880000 - 0x00007ffb788a1000 	C:\WINDOWS\System32\win32u.dll
0x00007ffb7a4d0000 - 0x00007ffb7a4f6000 	C:\WINDOWS\System32\GDI32.dll
0x00007ffb78900000 - 0x00007ffb78a94000 	C:\WINDOWS\System32\gdi32full.dll
0x00007ffb79480000 - 0x00007ffb7951e000 	C:\WINDOWS\System32\msvcp_win.dll
0x00007ffb786d0000 - 0x00007ffb787ca000 	C:\WINDOWS\System32\ucrtbase.dll
0x00007ffb63930000 - 0x00007ffb63bb5000 	C:\WINDOWS\WinSxS\amd64_microsoft.windows.common-controls_6595b64144ccf1df_6.0.18362.657_none_e6c5b579130e3898\COMCTL32.dll
0x00007ffb7a600000 - 0x00007ffb7a936000 	C:\WINDOWS\System32\combase.dll
0x00007ffb793d0000 - 0x00007ffb79450000 	C:\WINDOWS\System32\bcryptPrimitives.dll
0x00007ffb7a570000 - 0x00007ffb7a59e000 	C:\WINDOWS\System32\IMM32.DLL
0x00007ffb56e80000 - 0x00007ffb57164000 	C:\WINDOWS\pcdrm\NSCCOR0364.DLL
0x00007ffb79d90000 - 0x00007ffb79ee6000 	C:\WINDOWS\System32\ole32.dll
0x00007ffb63400000 - 0x00007ffb63409000 	C:\WINDOWS\SYSTEM32\WSOCK32.dll
0x00007ffb6cd40000 - 0x00007ffb6cd4a000 	C:\WINDOWS\SYSTEM32\VERSION.dll
0x00007ffb7a500000 - 0x00007ffb7a56f000 	C:\WINDOWS\System32\WS2_32.dll
0x00007ffb7b1c0000 - 0x00007ffb7b1c8000 	C:\WINDOWS\System32\psapi.dll
0x00007ffb77610000 - 0x00007ffb77641000 	C:\WINDOWS\SYSTEM32\ntmarta.dll
0x00007ffb59160000 - 0x00007ffb5918e000 	C:\WINDOWS\pcdrm\NBID64.dll
0x00007ffb797d0000 - 0x00007ffb79894000 	C:\WINDOWS\System32\OLEAUT32.dll
0x00007ffb56cd0000 - 0x00007ffb56d09000 	C:\WINDOWS\pcdrm\NFD0164.dll
0x00007ffb79450000 - 0x00007ffb79476000 	C:\WINDOWS\System32\bcrypt.dll
0x00007ffb76af0000 - 0x00007ffb76bdf000 	C:\WINDOWS\SYSTEM32\PROPSYS.dll
0x0000000002c10000 - 0x0000000002cb9000 	C:\WINDOWS\System32\shcore.dll
0x0000000061eb0000 - 0x0000000061f82000 	C:\Program Files\Android\Android Studio\jre\jre\bin\msvcr100.dll
0x0000000061f90000 - 0x00000000627db000 	C:\Program Files\Android\Android Studio\jre\jre\bin\server\jvm.dll
0x00007ffb743b0000 - 0x00007ffb743d4000 	C:\WINDOWS\SYSTEM32\WINMM.dll
0x00007ffb74360000 - 0x00007ffb7438d000 	C:\WINDOWS\SYSTEM32\WINMMBASE.dll
0x00007ffb788b0000 - 0x00007ffb788fa000 	C:\WINDOWS\System32\cfgmgr32.dll
0x00007ffb70b30000 - 0x00007ffb70b3f000 	C:\Program Files\Android\Android Studio\jre\jre\bin\verify.dll
0x00007ffb6ae40000 - 0x00007ffb6ae69000 	C:\Program Files\Android\Android Studio\jre\jre\bin\java.dll
0x00007ffb6a600000 - 0x00007ffb6a616000 	C:\Program Files\Android\Android Studio\jre\jre\bin\zip.dll
0x0000000016ea0000 - 0x0000000017585000 	C:\WINDOWS\System32\SHELL32.dll
0x00007ffb78bf0000 - 0x00007ffb7936f000 	C:\WINDOWS\System32\windows.storage.dll
0x00007ffb78690000 - 0x00007ffb786af000 	C:\WINDOWS\System32\profapi.dll
0x00007ffb78640000 - 0x00007ffb7868a000 	C:\WINDOWS\System32\powrprof.dll
0x00007ffb785f0000 - 0x00007ffb78600000 	C:\WINDOWS\System32\UMPDC.dll
0x0000000002e50000 - 0x0000000002ea2000 	C:\WINDOWS\System32\shlwapi.dll
0x00007ffb78600000 - 0x00007ffb78611000 	C:\WINDOWS\System32\kernel.appcore.dll
0x00007ffb786b0000 - 0x00007ffb786c7000 	C:\WINDOWS\System32\cryptsp.dll
0x00007ffb67260000 - 0x00007ffb6727a000 	C:\Program Files\Android\Android Studio\jre\jre\bin\net.dll
0x00007ffb77dc0000 - 0x00007ffb77e27000 	C:\WINDOWS\system32\mswsock.dll
0x00007ffb66670000 - 0x00007ffb66683000 	C:\Program Files\Android\Android Studio\jre\jre\bin\nio.dll
0x00007ffb67b40000 - 0x00007ffb67b66000 	C:\Users\tylnswamy\.gradle\native\31\windows-amd64\native-platform.dll
0x00007ffb70b20000 - 0x00007ffb70b2d000 	C:\Program Files\Android\Android Studio\jre\jre\bin\management.dll
0x00007ffb77930000 - 0x00007ffb77963000 	C:\WINDOWS\system32\rsaenh.dll
0x00007ffb78480000 - 0x00007ffb784a5000 	C:\WINDOWS\SYSTEM32\USERENV.dll
0x00007ffb77f60000 - 0x00007ffb77f6c000 	C:\WINDOWS\SYSTEM32\CRYPTBASE.dll
0x00007ffb77ad0000 - 0x00007ffb77b0a000 	C:\WINDOWS\SYSTEM32\IPHLPAPI.DLL
0x00007ffb7b030000 - 0x00007ffb7b038000 	C:\WINDOWS\System32\NSI.dll
0x00007ffb70270000 - 0x00007ffb70286000 	C:\WINDOWS\SYSTEM32\dhcpcsvc6.DLL
0x00007ffb70250000 - 0x00007ffb7026c000 	C:\WINDOWS\SYSTEM32\dhcpcsvc.DLL
0x00007ffb77b10000 - 0x00007ffb77bda000 	C:\WINDOWS\SYSTEM32\DNSAPI.dll

VM Arguments:
jvm_args: -XX:MaxMetaspaceSize=256m -XX:+HeapDumpOnOutOfMemoryError -Xms256m -Xmx512m -Dfile.encoding=windows-1252 -Duser.country=US -Duser.language=en -Duser.variant 
java_command: org.gradle.launcher.daemon.bootstrap.GradleDaemon 6.1.1
java_class_path (initial): C:\Users\tylnswamy\.gradle\wrapper\dists\gradle-6.1.1-all\cfmwm155h49vnt3hynmlrsdst\gradle-6.1.1\lib\gradle-launcher-6.1.1.jar
Launcher Type: SUN_STANDARD

Environment Variables:
PATH=C:\ProgramData\Anaconda3;C:\ProgramData\Anaconda3\Library\mingw-w64\bin;C:\ProgramData\Anaconda3\Library\usr\bin;C:\ProgramData\Anaconda3\Library\bin;C:\ProgramData\Anaconda3\Scripts;C:\app\tylnswamy\product\18.0.0\dbhomeXE\bin;C:\Program Files (x86)\Common Files\Oracle\Java\javapath;C:\Windows\system32;C:\Windows;C:\Windows\System32\Wbem;C:\Windows\System32\WindowsPowerShell\v1.0\;C:\Program Files (x86)\NVIDIA Corporation\PhysX\Common;C:\Program Files\MiKTeX 2.9\miktex\bin\x64\;C:\WINDOWS\system32;C:\WINDOWS;C:\WINDOWS\System32\Wbem;C:\WINDOWS\System32\WindowsPowerShell\v1.0\;C:\WINDOWS\System32\OpenSSH\;C:\Program Files\Java\jre1.8.0_202\bin;C:\Program Files\Java\jre1.8.0_201\bin;C:\Program Files\NVIDIA Corporation\NVIDIA NvDLISR;C:\WINDOWS\system32;C:\WINDOWS;C:\WINDOWS\System32\Wbem;C:\WINDOWS\System32\WindowsPowerShell\v1.0\;C:\WINDOWS\System32\OpenSSH\;C:\Program Files\Java\jdk1.8.0_144\bin;C:\Program Files\Intel\WiFi\bin\;C:\Program Files\Common Files\Intel\WirelessCommon\;C:\Program Files (x86)\Intel\Intel(R) Management Engine Components\DAL;C:\Program Files\Intel\Intel(R) Management Engine Components\DAL;C:\Program Files\nodejs\;C:\Program Files\Git\cmd;C:\Users\tylnswamy\AppData\Local\Android\Sdk\platform-tools;C:\Users\tylnswamy\AppData\Local\Android\Sdk\tools\bin;C:\Users\tylnswamy\AppData\Local\Microsoft\WindowsApps;C:\Users\tylnswamy\AppData\Roaming\npm
USERNAME=tylnswamy
OS=Windows_NT
PROCESSOR_IDENTIFIER=Intel64 Family 6 Model 158 Stepping 10, GenuineIntel



---------------  S Y S T E M  ---------------

OS: Windows 10.0 , 64 bit Build 18362 (10.0.18362.329)

CPU:total 8 (initial active 8) (4 cores per cpu, 2 threads per core) family 6 model 158 stepping 10, cmov, cx8, fxsr, mmx, sse, sse2, sse3, ssse3, sse4.1, sse4.2, popcnt, avx, avx2, aes, clmul, erms, 3dnowpref, lzcnt, ht, tsc, tscinvbit, bmi1, bmi2, adx

Memory: 4k page, physical 8230124k(805008k free), swap 33395948k(5600k free)

vm_info: OpenJDK 64-Bit Server VM (25.242-b01) for windows-amd64 JRE (1.8.0_242-release-1644-b01), built by "builder" with MS VC++ 10.0 (VS2010)

time: Thu Jul 02 22:32:50 2020
timezone: India Standard Time
elapsed time: 47 seconds (0d 0h 0m 47s)

