#
# There is insufficient memory for the Java Runtime Environment to continue.
# Native memory allocation (malloc) failed to allocate 1547376 bytes for Chunk::new
# Possible reasons:
#   The system is out of physical RAM or swap space
#   The process is running with CompressedOops enabled, and the Java Heap may be blocking the growth of the native heap
# Possible solutions:
#   Reduce memory load on the system
#   Increase physical memory or swap space
#   Check if swap backing store is full
#   Decrease Java heap size (-Xmx/-Xms)
#   Decrease number of Java threads
#   Decrease Java thread stack sizes (-Xss)
#   Set larger code cache with -XX:ReservedCodeCacheSize=
#   JVM is running with Unscaled Compressed Oops mode in which the Java heap is
#     placed in the first 4GB address space. The Java Heap base address is the
#     maximum limit for the native heap growth. Please use -XX:HeapBaseMinAddress
#     to set the Java Heap base and to place the Java Heap above 4GB virtual address.
# This output file may be truncated or incomplete.
#
#  Out of Memory Error (allocation.cpp:389), pid=18204, tid=0x0000000000002e60
#
# JRE version: OpenJDK Runtime Environment (8.0_242-b01) (build 1.8.0_242-release-1644-b01)
# Java VM: OpenJDK 64-Bit Server VM (25.242-b01 mixed mode windows-amd64 compressed oops)
# Failed to write core dump. Minidumps are not enabled by default on client versions of Windows
#

---------------  T H R E A D  ---------------

Current thread (0x000000001631a800):  JavaThread "C2 CompilerThread2" daemon [_thread_in_native, id=11872, stack(0x00000000174d0000,0x00000000175d0000)]

Stack: [0x00000000174d0000,0x00000000175d0000]
[error occurred during error reporting (printing stack bounds), id 0xc0000005]

Native frames: (J=compiled Java code, j=interpreted, Vv=VM code, C=native code)


Current CompileTask:
C2:   7671 2871       4       groovy.lang.MetaClassImpl::addMetaMethodToIndex (65 bytes)


---------------  P R O C E S S  ---------------

Java Threads: ( => current thread )
  0x00000000198e8000 JavaThread "Cache worker for execution history cache (C:\Users\tylnswamy\.gradle\caches\6.1.1\executionHistory)" [_thread_blocked, id=15776, stack(0x000000001f690000,0x000000001f790000)]
  0x00000000198eb000 JavaThread "Cache worker for cache directory md-rule (C:\Users\tylnswamy\.gradle\caches\6.1.1\md-rule)" [_thread_blocked, id=21240, stack(0x000000001f590000,0x000000001f690000)]
  0x00000000198e6800 JavaThread "Cache worker for cache directory md-supplier (C:\Users\tylnswamy\.gradle\caches\6.1.1\md-supplier)" [_thread_blocked, id=17580, stack(0x000000001e1f0000,0x000000001e2f0000)]
  0x00000000198e4800 JavaThread "Cache worker for file hash cache (C:\Users\tylnswamy\OneDrive\Desktop\qwe\youtube-livestream-android-app\.gradle\6.1.1\fileHashes)" [_thread_blocked, id=9688, stack(0x000000001dd50000,0x000000001de50000)]
  0x00000000198e6000 JavaThread "Cache worker for checksums cache (C:\Users\tylnswamy\OneDrive\Desktop\qwe\youtube-livestream-android-app\.gradle\checksums)" [_thread_blocked, id=19772, stack(0x000000001e0f0000,0x000000001e1f0000)]
  0x00000000198e5000 JavaThread "Cache worker for file hash cache (C:\Users\tylnswamy\.gradle\caches\6.1.1\fileHashes)" [_thread_blocked, id=14512, stack(0x000000001bab0000,0x000000001bbb0000)]
  0x00000000198e7800 JavaThread "File lock request listener" [_thread_in_native, id=3396, stack(0x000000001b9b0000,0x000000001bab0000)]
  0x000000001990e800 JavaThread "Cache worker for journal cache (C:\Users\tylnswamy\.gradle\caches\journal-1)" [_thread_blocked, id=9108, stack(0x000000001b8b0000,0x000000001b9b0000)]
  0x00000000197c9000 JavaThread "Thread-9" [_thread_blocked, id=15748, stack(0x000000001b5b0000,0x000000001b6b0000)]
  0x00000000197c0800 JavaThread "Stdin handler" [_thread_blocked, id=12420, stack(0x000000001b4b0000,0x000000001b5b0000)]
  0x00000000197bb000 JavaThread "Asynchronous log dispatcher for DefaultDaemonConnection: socket connection from /127.0.0.1:59056 to /127.0.0.1:59057" [_thread_blocked, id=2712, stack(0x000000001b3b0000,0x000000001b4b0000)]
  0x00000000197b7800 JavaThread "Daemon worker" [_thread_in_Java, id=5132, stack(0x000000001b1b0000,0x000000001b2b0000)]
  0x00000000197b6000 JavaThread "Cancel handler" [_thread_blocked, id=14448, stack(0x000000001afb0000,0x000000001b0b0000)]
  0x0000000019786800 JavaThread "Handler for socket connection from /127.0.0.1:59056 to /127.0.0.1:59057" [_thread_in_native, id=388, stack(0x000000001acb0000,0x000000001adb0000)]
  0x000000001976d000 JavaThread "Daemon" [_thread_blocked, id=5432, stack(0x000000001abb0000,0x000000001acb0000)]
  0x0000000019764800 JavaThread "Daemon periodic checks" [_thread_blocked, id=18804, stack(0x000000001aab0000,0x000000001abb0000)]
  0x0000000019705000 JavaThread "Incoming local TCP Connector on port 59056" [_thread_in_native, id=11656, stack(0x000000001a870000,0x000000001a970000)]
  0x000000001963c800 JavaThread "Daemon health stats" [_thread_blocked, id=1392, stack(0x000000001a230000,0x000000001a330000)]
  0x00000000163a8000 JavaThread "Service Thread" daemon [_thread_blocked, id=8128, stack(0x0000000017890000,0x0000000017990000)]
  0x0000000016321800 JavaThread "C1 CompilerThread3" daemon [_thread_blocked, id=408, stack(0x00000000175d0000,0x00000000176d0000)]
=>0x000000001631a800 JavaThread "C2 CompilerThread2" daemon [_thread_in_native, id=11872, stack(0x00000000174d0000,0x00000000175d0000)]
  0x0000000016318000 JavaThread "C2 CompilerThread1" daemon [_thread_in_native, id=12728, stack(0x00000000173d0000,0x00000000174d0000)]
  0x0000000016315000 JavaThread "C2 CompilerThread0" daemon [_thread_in_native, id=20788, stack(0x00000000172d0000,0x00000000173d0000)]
  0x0000000016310000 JavaThread "Attach Listener" daemon [_thread_blocked, id=11284, stack(0x00000000171d0000,0x00000000172d0000)]
  0x000000001630f000 JavaThread "Signal Dispatcher" daemon [_thread_blocked, id=21480, stack(0x00000000170d0000,0x00000000171d0000)]
  0x0000000016300800 JavaThread "Finalizer" daemon [_thread_blocked, id=18776, stack(0x00000000167e0000,0x00000000168e0000)]
  0x000000001450b800 JavaThread "Reference Handler" daemon [_thread_blocked, id=13036, stack(0x00000000166e0000,0x00000000167e0000)]
  0x0000000002c2e000 JavaThread "main" [_thread_blocked, id=16856, stack(0x0000000002a60000,0x0000000002b60000)]

Other Threads:
  0x0000000014507800 VMThread [stack: 0x00000000161e0000,0x00000000162e0000] [id=19316]
  0x00000000163a8800 WatcherThread [stack: 0x0000000017990000,0x0000000017a90000] [id=17576]

VM state:not at safepoint (normal execution)

VM Mutex/Monitor currently owned by a thread: None

heap address: 0x00000000e0000000, size: 512 MB, Compressed Oops mode: 32-bit
Narrow klass base: 0x0000000000000000, Narrow klass shift: 3
Compressed class space size: 1073741824 Address: 0x0000000100000000

Heap:
 PSYoungGen      total 112640K, used 18696K [0x00000000f5580000, 0x00000000fff80000, 0x0000000100000000)
  eden space 100352K, 18% used [0x00000000f5580000,0x00000000f67c2328,0x00000000fb780000)
  from space 12288K, 0% used [0x00000000fb780000,0x00000000fb780000,0x00000000fc380000)
  to   space 12288K, 0% used [0x00000000ff380000,0x00000000ff380000,0x00000000fff80000)
 ParOldGen       total 175104K, used 17108K [0x00000000e0000000, 0x00000000eab00000, 0x00000000f5580000)
  object space 175104K, 9% used [0x00000000e0000000,0x00000000e10b50d0,0x00000000eab00000)
 Metaspace       used 34980K, capacity 36114K, committed 36352K, reserved 1081344K
  class space    used 4805K, capacity 5093K, committed 5120K, reserved 1048576K

Card table byte_map: [0x0000000012110000,0x0000000012220000] byte_map_base: 0x0000000011a10000

Marking Bits: (ParMarkBitMap*) 0x000000006275f030
 Begin Bits: [0x0000000012a20000, 0x0000000013220000)
 End Bits:   [0x0000000013220000, 0x0000000013a20000)

Polling page: 0x0000000002800000

CodeCache: size=245760Kb used=11590Kb max_used=11595Kb free=234170Kb
 bounds [0x0000000002d50000, 0x00000000038b0000, 0x0000000011d50000]
 total_blobs=3614 nmethods=2922 adapters=605
 compilation: enabled

Compilation events (10 events):
Event: 7.653 Thread 0x0000000016321800 2957       3       org.gradle.internal.service.DefaultServiceRegistry::get (44 bytes)
Event: 7.654 Thread 0x0000000016321800 nmethod 2957 0x00000000038a1190 code [0x00000000038a1460, 0x00000000038a2828]
Event: 7.655 Thread 0x0000000016321800 2958       3       groovyjarjarasm.asm.Frame::getAbstractTypeFromDescriptor (415 bytes)
Event: 7.656 Thread 0x0000000016321800 nmethod 2958 0x00000000038a33d0 code [0x00000000038a3640, 0x00000000038a4708]
Event: 7.656 Thread 0x0000000016321800 2959       1       groovyjarjarasm.asm.SymbolTable::get (13 bytes)
Event: 7.656 Thread 0x0000000016321800 nmethod 2959 0x0000000003893c90 code [0x0000000003893de0, 0x0000000003893f30]
Event: 7.656 Thread 0x0000000016321800 2960       3       groovyjarjarasm.asm.MethodWriter::visitAbstractType (8 bytes)
Event: 7.656 Thread 0x0000000016321800 nmethod 2960 0x00000000038938d0 code [0x0000000003893a20, 0x0000000003893b90]
Event: 7.666 Thread 0x0000000016315000 nmethod 2951 0x00000000038a7610 code [0x00000000038a78e0, 0x00000000038a8908]
Event: 7.667 Thread 0x0000000016315000 2954       4       groovy.lang.MetaMethod::getMopName (105 bytes)

GC Heap History (10 events):
Event: 3.533 GC heap before
{Heap before GC invocations=5 (full 1):
 PSYoungGen      total 76288K, used 7802K [0x00000000f5580000, 0x00000000faa80000, 0x0000000100000000)
  eden space 65536K, 0% used [0x00000000f5580000,0x00000000f5580000,0x00000000f9580000)
  from space 10752K, 72% used [0x00000000fa000000,0x00000000fa79ea80,0x00000000faa80000)
  to   space 10752K, 0% used [0x00000000f9580000,0x00000000f9580000,0x00000000fa000000)
 ParOldGen       total 175104K, used 1587K [0x00000000e0000000, 0x00000000eab00000, 0x00000000f5580000)
  object space 175104K, 0% used [0x00000000e0000000,0x00000000e018ce08,0x00000000eab00000)
 Metaspace       used 20465K, capacity 21146K, committed 21296K, reserved 1067008K
  class space    used 2879K, capacity 3093K, committed 3200K, reserved 1048576K
Event: 3.556 GC heap after
Heap after GC invocations=5 (full 1):
 PSYoungGen      total 76288K, used 0K [0x00000000f5580000, 0x00000000faa80000, 0x0000000100000000)
  eden space 65536K, 0% used [0x00000000f5580000,0x00000000f5580000,0x00000000f9580000)
  from space 10752K, 0% used [0x00000000fa000000,0x00000000fa000000,0x00000000faa80000)
  to   space 10752K, 0% used [0x00000000f9580000,0x00000000f9580000,0x00000000fa000000)
 ParOldGen       total 175104K, used 7648K [0x00000000e0000000, 0x00000000eab00000, 0x00000000f5580000)
  object space 175104K, 4% used [0x00000000e0000000,0x00000000e0778360,0x00000000eab00000)
 Metaspace       used 20465K, capacity 21146K, committed 21296K, reserved 1067008K
  class space    used 2879K, capacity 3093K, committed 3200K, reserved 1048576K
}
Event: 5.865 GC heap before
{Heap before GC invocations=6 (full 1):
 PSYoungGen      total 76288K, used 65536K [0x00000000f5580000, 0x00000000faa80000, 0x0000000100000000)
  eden space 65536K, 100% used [0x00000000f5580000,0x00000000f9580000,0x00000000f9580000)
  from space 10752K, 0% used [0x00000000fa000000,0x00000000fa000000,0x00000000faa80000)
  to   space 10752K, 0% used [0x00000000f9580000,0x00000000f9580000,0x00000000fa000000)
 ParOldGen       total 175104K, used 7648K [0x00000000e0000000, 0x00000000eab00000, 0x00000000f5580000)
  object space 175104K, 4% used [0x00000000e0000000,0x00000000e0778360,0x00000000eab00000)
 Metaspace       used 27980K, capacity 28732K, committed 29056K, reserved 1075200K
  class space    used 3861K, capacity 4103K, committed 4224K, reserved 1048576K
Event: 5.871 GC heap after
Heap after GC invocations=6 (full 1):
 PSYoungGen      total 76288K, used 8045K [0x00000000f5580000, 0x00000000fd000000, 0x0000000100000000)
  eden space 65536K, 0% used [0x00000000f5580000,0x00000000f5580000,0x00000000f9580000)
  from space 10752K, 74% used [0x00000000f9580000,0x00000000f9d5b7c8,0x00000000fa000000)
  to   space 12800K, 0% used [0x00000000fc380000,0x00000000fc380000,0x00000000fd000000)
 ParOldGen       total 175104K, used 7656K [0x00000000e0000000, 0x00000000eab00000, 0x00000000f5580000)
  object space 175104K, 4% used [0x00000000e0000000,0x00000000e077a360,0x00000000eab00000)
 Metaspace       used 27980K, capacity 28732K, committed 29056K, reserved 1075200K
  class space    used 3861K, capacity 4103K, committed 4224K, reserved 1048576K
}
Event: 6.857 GC heap before
{Heap before GC invocations=7 (full 1):
 PSYoungGen      total 76288K, used 73581K [0x00000000f5580000, 0x00000000fd000000, 0x0000000100000000)
  eden space 65536K, 100% used [0x00000000f5580000,0x00000000f9580000,0x00000000f9580000)
  from space 10752K, 74% used [0x00000000f9580000,0x00000000f9d5b7c8,0x00000000fa000000)
  to   space 12800K, 0% used [0x00000000fc380000,0x00000000fc380000,0x00000000fd000000)
 ParOldGen       total 175104K, used 7656K [0x00000000e0000000, 0x00000000eab00000, 0x00000000f5580000)
  object space 175104K, 4% used [0x00000000e0000000,0x00000000e077a360,0x00000000eab00000)
 Metaspace       used 32170K, capacity 33170K, committed 33408K, reserved 1077248K
  class space    used 4362K, capacity 4664K, committed 4736K, reserved 1048576K
Event: 6.865 GC heap after
Heap after GC invocations=7 (full 1):
 PSYoungGen      total 113152K, used 8825K [0x00000000f5580000, 0x00000000fd000000, 0x0000000100000000)
  eden space 100352K, 0% used [0x00000000f5580000,0x00000000f5580000,0x00000000fb780000)
  from space 12800K, 68% used [0x00000000fc380000,0x00000000fcc1e6e8,0x00000000fd000000)
  to   space 12288K, 0% used [0x00000000fb780000,0x00000000fb780000,0x00000000fc380000)
 ParOldGen       total 175104K, used 7664K [0x00000000e0000000, 0x00000000eab00000, 0x00000000f5580000)
  object space 175104K, 4% used [0x00000000e0000000,0x00000000e077c360,0x00000000eab00000)
 Metaspace       used 32170K, capacity 33170K, committed 33408K, reserved 1077248K
  class space    used 4362K, capacity 4664K, committed 4736K, reserved 1048576K
}
Event: 7.430 GC heap before
{Heap before GC invocations=8 (full 1):
 PSYoungGen      total 113152K, used 51248K [0x00000000f5580000, 0x00000000fd000000, 0x0000000100000000)
  eden space 100352K, 42% used [0x00000000f5580000,0x00000000f7eedbc0,0x00000000fb780000)
  from space 12800K, 68% used [0x00000000fc380000,0x00000000fcc1e6e8,0x00000000fd000000)
  to   space 12288K, 0% used [0x00000000fb780000,0x00000000fb780000,0x00000000fc380000)
 ParOldGen       total 175104K, used 7664K [0x00000000e0000000, 0x00000000eab00000, 0x00000000f5580000)
  object space 175104K, 4% used [0x00000000e0000000,0x00000000e077c360,0x00000000eab00000)
 Metaspace       used 34393K, capacity 35378K, committed 35456K, reserved 1079296K
  class space    used 4680K, capacity 4942K, committed 4992K, reserved 1048576K
Event: 7.438 GC heap after
Heap after GC invocations=8 (full 1):
 PSYoungGen      total 112640K, used 10042K [0x00000000f5580000, 0x00000000fff80000, 0x0000000100000000)
  eden space 100352K, 0% used [0x00000000f5580000,0x00000000f5580000,0x00000000fb780000)
  from space 12288K, 81% used [0x00000000fb780000,0x00000000fc14e9c0,0x00000000fc380000)
  to   space 12288K, 0% used [0x00000000ff380000,0x00000000ff380000,0x00000000fff80000)
 ParOldGen       total 175104K, used 7672K [0x00000000e0000000, 0x00000000eab00000, 0x00000000f5580000)
  object space 175104K, 4% used [0x00000000e0000000,0x00000000e077e360,0x00000000eab00000)
 Metaspace       used 34393K, capacity 35378K, committed 35456K, reserved 1079296K
  class space    used 4680K, capacity 4942K, committed 4992K, reserved 1048576K
}
Event: 7.438 GC heap before
{Heap before GC invocations=9 (full 2):
 PSYoungGen      total 112640K, used 10042K [0x00000000f5580000, 0x00000000fff80000, 0x0000000100000000)
  eden space 100352K, 0% used [0x00000000f5580000,0x00000000f5580000,0x00000000fb780000)
  from space 12288K, 81% used [0x00000000fb780000,0x00000000fc14e9c0,0x00000000fc380000)
  to   space 12288K, 0% used [0x00000000ff380000,0x00000000ff380000,0x00000000fff80000)
 ParOldGen       total 175104K, used 7672K [0x00000000e0000000, 0x00000000eab00000, 0x00000000f5580000)
  object space 175104K, 4% used [0x00000000e0000000,0x00000000e077e360,0x00000000eab00000)
 Metaspace       used 34393K, capacity 35378K, committed 35456K, reserved 1079296K
  class space    used 4680K, capacity 4942K, committed 4992K, reserved 1048576K
Event: 7.484 GC heap after
Heap after GC invocations=9 (full 2):
 PSYoungGen      total 112640K, used 0K [0x00000000f5580000, 0x00000000fff80000, 0x0000000100000000)
  eden space 100352K, 0% used [0x00000000f5580000,0x00000000f5580000,0x00000000fb780000)
  from space 12288K, 0% used [0x00000000fb780000,0x00000000fb780000,0x00000000fc380000)
  to   space 12288K, 0% used [0x00000000ff380000,0x00000000ff380000,0x00000000fff80000)
 ParOldGen       total 175104K, used 17108K [0x00000000e0000000, 0x00000000eab00000, 0x00000000f5580000)
  object space 175104K, 9% used [0x00000000e0000000,0x00000000e10b50d0,0x00000000eab00000)
 Metaspace       used 34393K, capacity 35378K, committed 35456K, reserved 1079296K
  class space    used 4680K, capacity 4942K, committed 4992K, reserved 1048576K
}

Deoptimization events (10 events):
Event: 7.361 Thread 0x00000000197b7800 Uncommon trap: reason=unstable_if action=reinterpret pc=0x0000000002fab78c method=java.util.HashMap.getNode(ILjava/lang/Object;)Ljava/util/HashMap$Node; @ 53
Event: 7.361 Thread 0x00000000197b7800 Uncommon trap: reason=unstable_if action=reinterpret pc=0x00000000031f3078 method=java.util.HashMap.hash(Ljava/lang/Object;)I @ 1
Event: 7.393 Thread 0x00000000197b7800 Uncommon trap: reason=bimorphic action=maybe_recompile pc=0x0000000003712d0c method=java.util.AbstractCollection.addAll(Ljava/util/Collection;)Z @ 29
Event: 7.428 Thread 0x00000000197b7800 Uncommon trap: reason=unstable_if action=reinterpret pc=0x0000000003640400 method=org.objectweb.asm.ByteVector.putShort(I)Lorg/objectweb/asm/ByteVector; @ 13
Event: 7.429 Thread 0x00000000197b7800 Uncommon trap: reason=unstable_if action=reinterpret pc=0x00000000034448f8 method=java.net.URLStreamHandler.sameFile(Ljava/net/URL;Ljava/net/URL;)Z @ 63
Event: 7.516 Thread 0x00000000197b7800 Uncommon trap: reason=unstable_if action=reinterpret pc=0x0000000002ec0ef0 method=java.lang.ClassLoader.checkCerts(Ljava/lang/String;Ljava/security/CodeSource;)V @ 29
Event: 7.524 Thread 0x00000000197b7800 Uncommon trap: reason=unstable_if action=reinterpret pc=0x00000000034c50cc method=java.util.WeakHashMap.put(Ljava/lang/Object;Ljava/lang/Object;)Ljava/lang/Object; @ 59
Event: 7.540 Thread 0x00000000197b7800 Uncommon trap: reason=unstable_if action=reinterpret pc=0x0000000003654438 method=org.gradle.internal.reflect.PropertyAccessorType.isGetGetterName(Ljava/lang/String;)Z @ 14
Event: 7.561 Thread 0x00000000197b7800 Uncommon trap: reason=unstable_if action=reinterpret pc=0x00000000033ba3d8 method=java.net.URLStreamHandler.sameFile(Ljava/net/URL;Ljava/net/URL;)Z @ 63
Event: 7.583 Thread 0x00000000197b7800 Uncommon trap: reason=unstable_if action=reinterpret pc=0x00000000037158f8 method=java.util.regex.Pattern$CharProperty.match(Ljava/util/regex/Matcher;ILjava/lang/CharSequence;)Z @ 40

Classes redefined (0 events):
No events

Internal exceptions (10 events):
Event: 7.520 Thread 0x00000000197b7800 Exception <a 'java/lang/ClassNotFoundException': java/util/AbstractCollectionBeanInfo> (0x00000000f5d4ec80) thrown at [C:\src\AOSP-openjdk-git\hotspot\src\share\vm\classfile\systemDictionary.cpp, line 210]
Event: 7.520 Thread 0x00000000197b7800 Exception <a 'java/lang/ClassNotFoundException': java/util/AbstractCollectionCustomizer> (0x00000000f5d5a4e8) thrown at [C:\src\AOSP-openjdk-git\hotspot\src\share\vm\classfile\systemDictionary.cpp, line 210]
Event: 7.521 Thread 0x00000000197b7800 Exception <a 'java/lang/ClassNotFoundException': java/util/AbstractListCustomizer> (0x00000000f5d6f928) thrown at [C:\src\AOSP-openjdk-git\hotspot\src\share\vm\classfile\systemDictionary.cpp, line 210]
Event: 7.521 Thread 0x00000000197b7800 Exception <a 'java/lang/ClassNotFoundException': java/util/ArrayListCustomizer> (0x00000000f5d871e0) thrown at [C:\src\AOSP-openjdk-git\hotspot\src\share\vm\classfile\systemDictionary.cpp, line 210]
Event: 7.524 Thread 0x00000000197b7800 Exception <a 'java/lang/ClassNotFoundException': java/util/CollectionBeanInfo> (0x00000000f5e0e0a8) thrown at [C:\src\AOSP-openjdk-git\hotspot\src\share\vm\classfile\systemDictionary.cpp, line 210]
Event: 7.524 Thread 0x00000000197b7800 Exception <a 'java/lang/ClassNotFoundException': java/util/CollectionCustomizer> (0x00000000f5e185a8) thrown at [C:\src\AOSP-openjdk-git\hotspot\src\share\vm\classfile\systemDictionary.cpp, line 210]
Event: 7.650 Thread 0x00000000197b7800 Exception <a 'java/lang/ClassNotFoundException': build_doqrid56wcfapkd79s22f0o1hBeanInfo> (0x00000000f645f888) thrown at [C:\src\AOSP-openjdk-git\hotspot\src\share\vm\classfile\systemDictionary.cpp, line 210]
Event: 7.650 Thread 0x00000000197b7800 Exception <a 'java/lang/ClassNotFoundException': org/gradle/api/internal/project/ProjectScriptBeanInfo> (0x00000000f6479718) thrown at [C:\src\AOSP-openjdk-git\hotspot\src\share\vm\classfile\systemDictionary.cpp, line 210]
Event: 7.651 Thread 0x00000000197b7800 Exception <a 'java/lang/ClassNotFoundException': org/gradle/api/internal/project/ProjectScriptCustomizer> (0x00000000f6493c10) thrown at [C:\src\AOSP-openjdk-git\hotspot\src\share\vm\classfile\systemDictionary.cpp, line 210]
Event: 7.651 Thread 0x00000000197b7800 Exception <a 'java/lang/ClassNotFoundException': build_doqrid56wcfapkd79s22f0o1hCustomizer> (0x00000000f64b5998) thrown at [C:\src\AOSP-openjdk-git\hotspot\src\share\vm\classfile\systemDictionary.cpp, line 210]

Events (10 events):
Event: 7.651 loading class build_doqrid56wcfapkd79s22f0o1hCustomizer
Event: 7.651 loading class build_doqrid56wcfapkd79s22f0o1hCustomizer done
Event: 7.652 loading class org/gradle/internal/service/scopes/ProjectScopeServices$2
Event: 7.652 loading class org/gradle/internal/service/scopes/ProjectScopeServices$2 done
Event: 7.654 loading class groovy/runtime/metaclass/build_doqrid56wcfapkd79s22f0o1h$_run_closure1MetaClass
Event: 7.654 loading class groovy/runtime/metaclass/build_doqrid56wcfapkd79s22f0o1h$_run_closure1MetaClass done
Event: 7.667 loading class groovy/runtime/metaclass/build_doqrid56wcfapkd79s22f0o1h$_run_closure1$_closure2MetaClass
Event: 7.667 loading class groovy/runtime/metaclass/build_doqrid56wcfapkd79s22f0o1h$_run_closure1$_closure2MetaClass done
Event: 7.668 loading class groovy/runtime/metaclass/org/gradle/api/internal/artifacts/dsl/DefaultRepositoryHandler_DecoratedMetaClass
Event: 7.668 loading class groovy/runtime/metaclass/org/gradle/api/internal/artifacts/dsl/DefaultRepositoryHandler_DecoratedMetaClass done


Dynamic libraries:
0x00007ff6121d0000 - 0x00007ff612201000 	C:\Program Files\Android\Android Studio\jre\bin\java.exe
0x00007ffb7b720000 - 0x00007ffb7b910000 	C:\WINDOWS\SYSTEM32\ntdll.dll
0x00007ffb7a410000 - 0x00007ffb7a4c2000 	C:\WINDOWS\System32\KERNEL32.DLL
0x00007ffb79520000 - 0x00007ffb797c3000 	C:\WINDOWS\System32\KERNELBASE.dll
0x00007ffb7b110000 - 0x00007ffb7b1b3000 	C:\WINDOWS\System32\ADVAPI32.dll
0x00007ffb7a360000 - 0x00007ffb7a3fe000 	C:\WINDOWS\System32\msvcrt.dll
0x00007ffb7b490000 - 0x00007ffb7b527000 	C:\WINDOWS\System32\sechost.dll
0x00007ffb7b370000 - 0x00007ffb7b490000 	C:\WINDOWS\System32\RPCRT4.dll
0x00007ffb7b1d0000 - 0x00007ffb7b364000 	C:\WINDOWS\System32\USER32.dll
0x00007ffb78880000 - 0x00007ffb788a1000 	C:\WINDOWS\System32\win32u.dll
0x00007ffb7a4d0000 - 0x00007ffb7a4f6000 	C:\WINDOWS\System32\GDI32.dll
0x00007ffb78900000 - 0x00007ffb78a94000 	C:\WINDOWS\System32\gdi32full.dll
0x00007ffb79480000 - 0x00007ffb7951e000 	C:\WINDOWS\System32\msvcp_win.dll
0x00007ffb786d0000 - 0x00007ffb787ca000 	C:\WINDOWS\System32\ucrtbase.dll
0x00007ffb63930000 - 0x00007ffb63bb5000 	C:\WINDOWS\WinSxS\amd64_microsoft.windows.common-controls_6595b64144ccf1df_6.0.18362.657_none_e6c5b579130e3898\COMCTL32.dll
0x00007ffb7a600000 - 0x00007ffb7a936000 	C:\WINDOWS\System32\combase.dll
0x00007ffb793d0000 - 0x00007ffb79450000 	C:\WINDOWS\System32\bcryptPrimitives.dll
0x00007ffb7a570000 - 0x00007ffb7a59e000 	C:\WINDOWS\System32\IMM32.DLL
0x00007ffb56e80000 - 0x00007ffb57164000 	C:\WINDOWS\pcdrm\NSCCOR0364.DLL
0x00007ffb79d90000 - 0x00007ffb79ee6000 	C:\WINDOWS\System32\ole32.dll
0x00007ffb6cd40000 - 0x00007ffb6cd4a000 	C:\WINDOWS\SYSTEM32\VERSION.dll
0x00007ffb63400000 - 0x00007ffb63409000 	C:\WINDOWS\SYSTEM32\WSOCK32.dll
0x00007ffb7a500000 - 0x00007ffb7a56f000 	C:\WINDOWS\System32\WS2_32.dll
0x00007ffb7b1c0000 - 0x00007ffb7b1c8000 	C:\WINDOWS\System32\psapi.dll
0x00007ffb77610000 - 0x00007ffb77641000 	C:\WINDOWS\SYSTEM32\ntmarta.dll
0x00007ffb59160000 - 0x00007ffb5918e000 	C:\WINDOWS\pcdrm\NBID64.dll
0x00007ffb797d0000 - 0x00007ffb79894000 	C:\WINDOWS\System32\OLEAUT32.dll
0x00007ffb56cd0000 - 0x00007ffb56d09000 	C:\WINDOWS\pcdrm\NFD0164.dll
0x00007ffb79450000 - 0x00007ffb79476000 	C:\WINDOWS\System32\bcrypt.dll
0x00007ffb76af0000 - 0x00007ffb76bdf000 	C:\WINDOWS\SYSTEM32\PROPSYS.dll
0x0000000002820000 - 0x00000000028c9000 	C:\WINDOWS\System32\shcore.dll
0x0000000061eb0000 - 0x0000000061f82000 	C:\Program Files\Android\Android Studio\jre\jre\bin\msvcr100.dll
0x0000000061f90000 - 0x00000000627db000 	C:\Program Files\Android\Android Studio\jre\jre\bin\server\jvm.dll
0x00007ffb743b0000 - 0x00007ffb743d4000 	C:\WINDOWS\SYSTEM32\WINMM.dll
0x00007ffb74360000 - 0x00007ffb7438d000 	C:\WINDOWS\SYSTEM32\WINMMBASE.dll
0x00007ffb788b0000 - 0x00007ffb788fa000 	C:\WINDOWS\System32\cfgmgr32.dll
0x00007ffb70b30000 - 0x00007ffb70b3f000 	C:\Program Files\Android\Android Studio\jre\jre\bin\verify.dll
0x00007ffb6ae40000 - 0x00007ffb6ae69000 	C:\Program Files\Android\Android Studio\jre\jre\bin\java.dll
0x00007ffb6a600000 - 0x00007ffb6a616000 	C:\Program Files\Android\Android Studio\jre\jre\bin\zip.dll
0x00000000169e0000 - 0x00000000170c5000 	C:\WINDOWS\System32\SHELL32.dll
0x00007ffb78bf0000 - 0x00007ffb7936f000 	C:\WINDOWS\System32\windows.storage.dll
0x00007ffb78690000 - 0x00007ffb786af000 	C:\WINDOWS\System32\profapi.dll
0x00007ffb78640000 - 0x00007ffb7868a000 	C:\WINDOWS\System32\powrprof.dll
0x00007ffb785f0000 - 0x00007ffb78600000 	C:\WINDOWS\System32\UMPDC.dll
0x00000000028f0000 - 0x0000000002942000 	C:\WINDOWS\System32\shlwapi.dll
0x00007ffb78600000 - 0x00007ffb78611000 	C:\WINDOWS\System32\kernel.appcore.dll
0x00007ffb786b0000 - 0x00007ffb786c7000 	C:\WINDOWS\System32\cryptsp.dll
0x00007ffb67260000 - 0x00007ffb6727a000 	C:\Program Files\Android\Android Studio\jre\jre\bin\net.dll
0x00007ffb77dc0000 - 0x00007ffb77e27000 	C:\WINDOWS\system32\mswsock.dll
0x00007ffb66670000 - 0x00007ffb66683000 	C:\Program Files\Android\Android Studio\jre\jre\bin\nio.dll
0x00007ffb67b40000 - 0x00007ffb67b66000 	C:\Users\tylnswamy\.gradle\native\31\windows-amd64\native-platform.dll
0x00007ffb70b20000 - 0x00007ffb70b2d000 	C:\Program Files\Android\Android Studio\jre\jre\bin\management.dll
0x00007ffb77930000 - 0x00007ffb77963000 	C:\WINDOWS\system32\rsaenh.dll
0x00007ffb78480000 - 0x00007ffb784a5000 	C:\WINDOWS\SYSTEM32\USERENV.dll
0x00007ffb77f60000 - 0x00007ffb77f6c000 	C:\WINDOWS\SYSTEM32\CRYPTBASE.dll
0x00007ffb77ad0000 - 0x00007ffb77b0a000 	C:\WINDOWS\SYSTEM32\IPHLPAPI.DLL
0x00007ffb7b030000 - 0x00007ffb7b038000 	C:\WINDOWS\System32\NSI.dll
0x00007ffb70270000 - 0x00007ffb70286000 	C:\WINDOWS\SYSTEM32\dhcpcsvc6.DLL
0x00007ffb70250000 - 0x00007ffb7026c000 	C:\WINDOWS\SYSTEM32\dhcpcsvc.DLL
0x00007ffb77b10000 - 0x00007ffb77bda000 	C:\WINDOWS\SYSTEM32\DNSAPI.dll

VM Arguments:
jvm_args: -XX:MaxMetaspaceSize=256m -XX:+HeapDumpOnOutOfMemoryError -Xms256m -Xmx512m -Dfile.encoding=windows-1252 -Duser.country=US -Duser.language=en -Duser.variant 
java_command: org.gradle.launcher.daemon.bootstrap.GradleDaemon 6.1.1
java_class_path (initial): C:\Users\tylnswamy\.gradle\wrapper\dists\gradle-6.1.1-all\cfmwm155h49vnt3hynmlrsdst\gradle-6.1.1\lib\gradle-launcher-6.1.1.jar
Launcher Type: SUN_STANDARD

Environment Variables:
PATH=C:\ProgramData\Anaconda3;C:\ProgramData\Anaconda3\Library\mingw-w64\bin;C:\ProgramData\Anaconda3\Library\usr\bin;C:\ProgramData\Anaconda3\Library\bin;C:\ProgramData\Anaconda3\Scripts;C:\app\tylnswamy\product\18.0.0\dbhomeXE\bin;C:\Program Files (x86)\Common Files\Oracle\Java\javapath;C:\Windows\system32;C:\Windows;C:\Windows\System32\Wbem;C:\Windows\System32\WindowsPowerShell\v1.0\;C:\Program Files (x86)\NVIDIA Corporation\PhysX\Common;C:\Program Files\MiKTeX 2.9\miktex\bin\x64\;C:\WINDOWS\system32;C:\WINDOWS;C:\WINDOWS\System32\Wbem;C:\WINDOWS\System32\WindowsPowerShell\v1.0\;C:\WINDOWS\System32\OpenSSH\;C:\Program Files\Java\jre1.8.0_202\bin;C:\Program Files\Java\jre1.8.0_201\bin;C:\Program Files\NVIDIA Corporation\NVIDIA NvDLISR;C:\WINDOWS\system32;C:\WINDOWS;C:\WINDOWS\System32\Wbem;C:\WINDOWS\System32\WindowsPowerShell\v1.0\;C:\WINDOWS\System32\OpenSSH\;C:\Program Files\Java\jdk1.8.0_144\bin;C:\Program Files\Intel\WiFi\bin\;C:\Program Files\Common Files\Intel\WirelessCommon\;C:\Program Files (x86)\Intel\Intel(R) Management Engine Components\DAL;C:\Program Files\Intel\Intel(R) Management Engine Components\DAL;C:\Program Files\nodejs\;C:\Program Files\Git\cmd;C:\Users\tylnswamy\AppData\Local\Android\Sdk\platform-tools;C:\Users\tylnswamy\AppData\Local\Android\Sdk\tools\bin;C:\Users\tylnswamy\AppData\Local\Microsoft\WindowsApps;C:\Users\tylnswamy\AppData\Roaming\npm
USERNAME=tylnswamy
OS=Windows_NT
PROCESSOR_IDENTIFIER=Intel64 Family 6 Model 158 Stepping 10, GenuineIntel



---------------  S Y S T E M  ---------------

OS: Windows 10.0 , 64 bit Build 18362 (10.0.18362.329)

CPU:total 8 (initial active 8) (4 cores per cpu, 2 threads per core) family 6 model 158 stepping 10, cmov, cx8, fxsr, mmx, sse, sse2, sse3, ssse3, sse4.1, sse4.2, popcnt, avx, avx2, aes, clmul, erms, 3dnowpref, lzcnt, ht, tsc, tscinvbit, bmi1, bmi2, adx

Memory: 4k page, physical 8230124k(950536k free), swap 33395948k(4316k free)

vm_info: OpenJDK 64-Bit Server VM (25.242-b01) for windows-amd64 JRE (1.8.0_242-release-1644-b01), built by "builder" with MS VC++ 10.0 (VS2010)

time: Thu Jul 02 22:33:50 2020
timezone: India Standard Time
elapsed time: 7 seconds (0d 0h 0m 7s)

